This is pdfTeX, Version 3.1415926-1.40.10 (MiKTeX 2.8) (preloaded format=latex 2011.5.20)  13 FEB 2013 09:25
entering extended mode
**C:/Documents*and*Settings/Pablo/Mis*documentos/My*Dropbox/SPL/Te.net/CodeGene
rators/Memoria/pfc.tex

("C:/Documents and Settings/Pablo/Mis documentos/My Dropbox/SPL/Te.net/CodeGene
rators/Memoria/pfc.tex"
LaTeX2e <2009/09/24>
Babel <v3.8l> and hyphenation patterns for english, dumylang, nohyphenation, sp
anish, loaded.

("C:\Documents and Settings\Pablo\Mis documentos\My Dropbox\SPL\Te.net\CodeGene
rators\Memoria\itsas_pfc.cls"
Document Class: itsas_pfc 2007/03/06 Itsas document class
(C:\Escritura\Miktex\tex\latex\base\bk11.clo
File: bk11.clo 2007/10/19 v1.4h Standard LaTeX file (size option)
)
\c@part=\count79
\c@chapter=\count80
\c@section=\count81
\c@subsection=\count82
\c@subsubsection=\count83
\c@paragraph=\count84
\c@subparagraph=\count85
\c@figure=\count86
\c@table=\count87
\abovecaptionskip=\skip41
\belowcaptionskip=\skip42
\bibindent=\dimen102
)
(C:\Escritura\Miktex\tex\latex\base\inputenc.sty
Package: inputenc 2008/03/30 v1.1d Input encoding file
\inpenc@prehook=\toks14
\inpenc@posthook=\toks15

(C:\Escritura\Miktex\tex\latex\base\latin1.def
File: latin1.def 2008/03/30 v1.1d Input encoding file
))
(C:\Escritura\Miktex\tex\latex\tools\longtable.sty
Package: longtable 2004/02/01 v4.11 Multi-page Table package (DPC)
\LTleft=\skip43
\LTright=\skip44
\LTpre=\skip45
\LTpost=\skip46
\LTchunksize=\count88
\LTcapwidth=\dimen103
\LT@head=\box26
\LT@firsthead=\box27
\LT@foot=\box28
\LT@lastfoot=\box29
\LT@cols=\count89
\LT@rows=\count90
\c@LT@tables=\count91
\c@LT@chunks=\count92
\LT@p@ftn=\toks16
)
(C:\Escritura\Miktex\tex\latex\tools\array.sty
Package: array 2008/09/09 v2.4c Tabular extension package (FMi)
\col@sep=\dimen104
\extrarowheight=\dimen105
\NC@list=\toks17
\extratabsurround=\skip47
\backup@length=\skip48
)
(C:\Escritura\Miktex\tex\latex\ltxmisc\url.sty
\Urlmuskip=\muskip10
Package: url 2006/04/12  ver 3.3  Verb mode for urls, etc.
)
(C:\Escritura\Miktex\tex\latex\amsfonts\amsfonts.sty
Package: amsfonts 2009/06/22 v3.00 Basic AMSFonts support
\@emptytoks=\toks18
\symAMSa=\mathgroup4
\symAMSb=\mathgroup5
LaTeX Font Info:    Overwriting math alphabet `\mathfrak' in version `bold'
(Font)                  U/euf/m/n --> U/euf/b/n on input line 96.
)
(C:\Escritura\Miktex\tex\generic\babel\babel.sty
Package: babel 2008/07/06 v3.8l The Babel package

*************************************
* Local config file bblopts.cfg used
*
(C:\Escritura\Miktex\tex\latex\00miktex\bblopts.cfg
File: bblopts.cfg 2006/07/31 v1.0 MiKTeX 'babel' configuration
)
(C:\Escritura\Miktex\tex\generic\babel\spanish.ldf
Language: spanish.ldf 2009/01/02 v5.0h Spanish support from the babel system

(C:\Escritura\Miktex\tex\generic\babel\babel.def
File: babel.def 2008/07/06 v3.8l Babel common definitions
\babel@savecnt=\count93
\U@D=\dimen106
)
\es@datefmt=\count94
\es@quottoks=\toks19
\es@quotdepth=\count95
Package babel Info: Making " an active character on input line 492.
Package babel Info: Making . an active character on input line 585.
Package babel Info: Making < an active character on input line 630.
Package babel Info: Making > an active character on input line 630.
Package babel Info: Making ' an active character on input line 657.
))
("C:\Documents and Settings\Pablo\Mis documentos\My Dropbox\SPL\Te.net\CodeGene
rators\Memoria\config/pfc_options.tex"
(C:\Escritura\Miktex\tex\latex\fancyhdr\fancyhdr.sty
\fancy@headwidth=\skip49
\f@ncyO@elh=\skip50
\f@ncyO@erh=\skip51
\f@ncyO@olh=\skip52
\f@ncyO@orh=\skip53
\f@ncyO@elf=\skip54
\f@ncyO@erf=\skip55
\f@ncyO@olf=\skip56
\f@ncyO@orf=\skip57
)
(C:\Escritura\Miktex\tex\latex\graphics\color.sty
Package: color 2005/11/14 v1.0j Standard LaTeX Color (DPC)

(C:\Escritura\Miktex\tex\latex\00miktex\color.cfg
File: color.cfg 2007/01/18 v1.5 color configuration of teTeX/TeXLive
)
Package color Info: Driver file: dvips.def on input line 130.

(C:\Escritura\Miktex\tex\latex\graphics\dvips.def
File: dvips.def 1999/02/16 v3.0i Driver-dependant file (DPC,SPQR)
)
(C:\Escritura\Miktex\tex\latex\graphics\dvipsnam.def
File: dvipsnam.def 1999/02/16 v3.0i Driver-dependant file (DPC,SPQR)
))
(C:\Escritura\Miktex\tex\latex\rotating\rotating.sty
Package: rotating 2009/03/28 v2.16a rotated objects in LaTeX

(C:\Escritura\Miktex\tex\latex\graphics\graphicx.sty
Package: graphicx 1999/02/16 v1.0f Enhanced LaTeX Graphics (DPC,SPQR)

(C:\Escritura\Miktex\tex\latex\graphics\keyval.sty
Package: keyval 1999/03/16 v1.13 key=value parser (DPC)
\KV@toks@=\toks20
)
(C:\Escritura\Miktex\tex\latex\graphics\graphics.sty
Package: graphics 2009/02/05 v1.0o Standard LaTeX Graphics (DPC,SPQR)

(C:\Escritura\Miktex\tex\latex\graphics\trig.sty
Package: trig 1999/03/16 v1.09 sin cos tan (DPC)
)
(C:\Escritura\Miktex\tex\latex\00miktex\graphics.cfg
File: graphics.cfg 2007/01/18 v1.5 graphics configuration of teTeX/TeXLive
)
Package graphics Info: Driver file: dvips.def on input line 91.
)
\Gin@req@height=\dimen107
\Gin@req@width=\dimen108
)
(C:\Escritura\Miktex\tex\latex\base\ifthen.sty
Package: ifthen 2001/05/26 v1.1c Standard LaTeX ifthen package (DPC)
)
\c@r@tfl@t=\count96
\rotFPtop=\skip58
\rotFPbot=\skip59
\rot@float@box=\box30
\rot@mess@toks=\toks21
)
(C:\Escritura\Miktex\tex\latex\minitoc\minitoc.sty
Package: minitoc 2008/07/16 v60 Package minitoc (JPFD)

(C:\Escritura\Miktex\tex\latex\minitoc\mtcmess.sty
Package: mtcmess 2006/03/14
)
Package minitoc Info: I0001
(minitoc)             *** minitoc package, version 60 ***.
\tf@mtc=\write3
\mtcindent=\skip60
\mtcskipamount=\skip61
Package minitoc Info: I0005
(minitoc)             compatible with hyperref.
Package minitoc Info: I0023
(minitoc)             part level macros available.
Package minitoc Info: I0003
(minitoc)             chapter level macros available.
\mtc@toks=\toks22
\mtc@strutbox=\box31
\mtc@hstrutbox=\box32
Package minitoc Info: I0002
(minitoc)             Autoconfiguration of extensions.

("C:\Documents and Settings\Pablo\Mis documentos\My Dropbox\SPL\Te.net\CodeGene
rators\Memoria\pfc.mtc0")
Package minitoc Info: I0012
(minitoc)             Long extensions (Unix-like) will be used.
Package minitoc Info: I0031
(minitoc)             ==> this version is configured for UNIX-like 
(minitoc)                 (long extensions) file names.
\c@mtc=\count97
\c@minitocdepth=\count98
\c@ptc=\count99
\c@parttocdepth=\count100
\ptcindent=\skip62
Package minitoc Info: I0010
(minitoc)             The english language is selected.
(minitoc)              on input line 4910.
 (C:\Escritura\Miktex\tex\latex\minitoc\english.mld
File: english.mld 2006/01/13
)
(C:\Escritura\Miktex\tex\latex\minitoc\english.mld
File: english.mld 2006/01/13
)
Package minitoc Info: I0010
(minitoc)             The spanish language is selected.
(minitoc)              on input line 4911.

(C:\Escritura\Miktex\tex\latex\minitoc\spanish.mld
File: spanish.mld 2008/04/03
))
(C:\Escritura\Miktex\tex\latex\epsf\epsf.sty
This is `epsf.tex' v2.7.3 <23 July 2005>
\epsffilein=\read1
\epsfframemargin=\dimen109
\epsfframethickness=\dimen110
\epsfrsize=\dimen111
\epsftmp=\dimen112
\epsftsize=\dimen113
\epsfxsize=\dimen114
\epsfysize=\dimen115
\pspoints=\dimen116
) (C:\Escritura\Miktex\tex\latex\textpos\textpos.sty
Package: textpos 2010/09/30 v1.7g

Package: `textpos' 1.7g <2010 September 30>
(C:\Escritura\Miktex\tex\latex\ms\everyshi.sty
Package: everyshi 2001/05/15 v3.00 EveryShipout Package (MS)
)
\TP@textbox=\box33
\TP@holdbox=\box34
\TPHorizModule=\dimen117
\TPVertModule=\dimen118
\TP@margin=\dimen119
\TP@absmargin=\dimen120

Grid set 16 x 16 = 37.34424pt x 52.81541pt
\TPboxrulesize=\dimen121
\TP@ox=\dimen122
\TP@oy=\dimen123
\TP@tbargs=\toks23
\TP@prevdepth=\dimen124
TextBlockOrigin set to 0pt x 0pt
))
("C:\Documents and Settings\Pablo\Mis documentos\My Dropbox\SPL\Te.net\CodeGene
rators\Memoria\config/rename.tex")
("C:\Documents and Settings\Pablo\Mis documentos\My Dropbox\SPL\Te.net\CodeGene
rators\Memoria\pfc.aux")
LaTeX Font Info:    Checking defaults for OML/cmm/m/it on input line 49.
LaTeX Font Info:    ... okay on input line 49.
LaTeX Font Info:    Checking defaults for T1/cmr/m/n on input line 49.
LaTeX Font Info:    ... okay on input line 49.
LaTeX Font Info:    Checking defaults for OT1/cmr/m/n on input line 49.
LaTeX Font Info:    ... okay on input line 49.
LaTeX Font Info:    Checking defaults for OMS/cmsy/m/n on input line 49.
LaTeX Font Info:    ... okay on input line 49.
LaTeX Font Info:    Checking defaults for OMX/cmex/m/n on input line 49.
LaTeX Font Info:    ... okay on input line 49.
LaTeX Font Info:    Checking defaults for U/cmr/m/n on input line 49.
LaTeX Font Info:    ... okay on input line 49.
Package minitoc(hints) Info: I0049
(minitoc(hints))             ==> You requested the hints option. 
(minitoc(hints))             Some hints are eventually given below.
 ABD: EveryShipout initializing macros
("C:\Documents and Settings\Pablo\Mis documentos\My Dropbox\SPL\Te.net\CodeGene
rators\Memoria\config/begin.tex")
("C:\Documents and Settings\Pablo\Mis documentos\My Dropbox\SPL\Te.net\CodeGene
rators\Memoria\Config/headers.tex")
("C:\Documents and Settings\Pablo\Mis documentos\My Dropbox\SPL\Te.net\CodeGene
rators\Memoria\config/chapters.tex")
("C:\Documents and Settings\Pablo\Mis documentos\My Dropbox\SPL\Te.net\CodeGene
rators\Memoria\introduction/introduction.tex"
Cap\'{\i }tulo 1.
Package minitoc Info: I0006
(minitoc)             pfc.mtc1 is empty on input line 36.

("C:\Documents and Settings\Pablo\Mis documentos\My Dropbox\SPL\Te.net\CodeGene
rators\Memoria\introduction/theIntroduction.tex" [1



] [2]
LaTeX Font Info:    Try loading font information for U+msa on input line 46.

(C:\Escritura\Miktex\tex\latex\amsfonts\umsa.fd
File: umsa.fd 2009/06/22 v3.00 AMS symbols A
)
LaTeX Font Info:    Try loading font information for U+msb on input line 46.

(C:\Escritura\Miktex\tex\latex\amsfonts\umsb.fd
File: umsb.fd 2009/06/22 v3.00 AMS symbols B
) [3])
("C:\Documents and Settings\Pablo\Mis documentos\My Dropbox\SPL\Te.net\CodeGene
rators\Memoria\introduction/sle.tex"

LaTeX Warning: Citation `pohl:2010' on page 4 undefined on input line 13.

[4]
File: introduction/slefig.eps Graphic file (type eps)
 <introduction/slefig.eps> [5]
File: background/abstracta.eps Graphic file (type eps)
 <background/abstracta.eps>
File: background/concretaHabilidad.eps Graphic file (type eps)

<background/concretaHabilidad.eps> [6]
File: background/grafoHabilidad.eps Graphic file (type eps)
 <background/grafoHabilidad.eps> [7]

LaTeX Warning: Reference `fig:sle:sintaxisTextual' on page 8 undefined on input
 line 131.

File: background/grafoTextual.eps Graphic file (type eps)
<background/grafoTextual.eps> [8]) [9]
("C:\Documents and Settings\Pablo\Mis documentos\My Dropbox\SPL\Te.net\CodeGene
rators\Memoria\planificacion/theplanificacion.tex"
File: planificacion/planning.eps Graphic file (type eps)

<planificacion/planning.eps>
Overfull \hbox (75.26936pt too wide) in paragraph at lines 20--21
[][][] 
 []


LaTeX Warning: Float too large for page by 20.06024pt on input line 23.

[10])

LaTeX Warning: Reference `chap:background' on page 11 undefined on input line 7
1.


LaTeX Warning: Reference `chap:metamodelo' on page 11 undefined on input line 7
1.

[11])
("C:\Documents and Settings\Pablo\Mis documentos\My Dropbox\SPL\Te.net\CodeGene
rators\Memoria\pfc.bbl")
Package minitoc Info: I0009
(minitoc)             Listing minitoc auxiliary files. 
(minitoc)             Creating the pfc.maf file.


Package minitoc(hints) Warning: W0059
(minitoc(hints))                You have used \minitoc, 
(minitoc(hints))                but not \dominitoc.


Package minitoc(hints) Warning: W0068
(minitoc(hints))                You have used \minitoc but not 
(minitoc(hints))                \tableofcontents
(minitoc(hints))                nor \faketableofcontents.


Package minitoc(hints) Warning: W0024
(minitoc(hints))                Some hints have been written 
(minitoc(hints))                in the pfc.log file.

[12] [13]
("C:\Documents and Settings\Pablo\Mis documentos\My Dropbox\SPL\Te.net\CodeGene
rators\Memoria\pfc.aux")

LaTeX Warning: There were undefined references.

 ) 
Here is how much of TeX's memory you used:
 3684 strings out of 495306
 51127 string characters out of 3182336
 128872 words of memory out of 3000000
 6614 multiletter control sequences out of 15000+200000
 10759 words of font info for 40 fonts, out of 3000000 for 9000
 15 hyphenation exceptions out of 8191
 34i,13n,43p,1381b,430s stack positions out of 5000i,500n,10000p,200000b,50000s

Output written on pfc.dvi (13 pages, 52492 bytes).
