This is pdfTeX, Version 3.1415926-1.40.11 (MiKTeX 2.9) (preloaded format=latex 2011.3.10)  7 JUN 2011 20:40
entering extended mode
**fosd2010.tex

(C:\Users\Iskander\Desktop\Universidad\PFC\Source\Elio\Doc\FOSD2010\fosd2010.te
x
LaTeX2e <2009/09/24>
Babel <v3.8l> and hyphenation patterns for english, afrikaans, ancientgreek, ar
abic, armenian, assamese, basque, bengali, bokmal, bulgarian, catalan, coptic, 
croatian, czech, danish, dutch, esperanto, estonian, farsi, finnish, french, ga
lician, german, german-x-2009-06-19, greek, gujarati, hindi, hungarian, iceland
ic, indonesian, interlingua, irish, italian, kannada, kurmanji, lao, latin, lat
vian, lithuanian, malayalam, marathi, mongolian, mongolianlmc, monogreek, ngerm
an, ngerman-x-2009-06-19, nynorsk, oriya, panjabi, pinyin, polish, portuguese, 
romanian, russian, sanskrit, serbian, slovak, slovenian, spanish, swedish, swis
sgerman, tamil, telugu, turkish, turkmen, ukenglish, ukrainian, uppersorbian, u
senglishmax, welsh, loaded.

(C:\Users\Iskander\Desktop\Universidad\PFC\Source\Elio\Doc\FOSD2010\sig-alt-ful
l.cls ("C:\Program Files (x86)\MiKTeX 2.9\tex\latex\graphics\epsfig.sty"
Package: epsfig 1999/02/16 v1.7a (e)psfig emulation (SPQR)

("C:\Program Files (x86)\MiKTeX 2.9\tex\latex\graphics\graphicx.sty"
Package: graphicx 1999/02/16 v1.0f Enhanced LaTeX Graphics (DPC,SPQR)

("C:\Program Files (x86)\MiKTeX 2.9\tex\latex\graphics\keyval.sty"
Package: keyval 1999/03/16 v1.13 key=value parser (DPC)
\KV@toks@=\toks14
)
("C:\Program Files (x86)\MiKTeX 2.9\tex\latex\graphics\graphics.sty"
Package: graphics 2009/02/05 v1.0o Standard LaTeX Graphics (DPC,SPQR)

("C:\Program Files (x86)\MiKTeX 2.9\tex\latex\graphics\trig.sty"
Package: trig 1999/03/16 v1.09 sin cos tan (DPC)
)
("C:\Program Files (x86)\MiKTeX 2.9\tex\latex\00miktex\graphics.cfg"
File: graphics.cfg 2007/01/18 v1.5 graphics configuration of teTeX/TeXLive
)
Package graphics Info: Driver file: dvips.def on input line 91.

("C:\Program Files (x86)\MiKTeX 2.9\tex\latex\graphics\dvips.def"
File: dvips.def 1999/02/16 v3.0i Driver-dependant file (DPC,SPQR)
))
\Gin@req@height=\dimen102
\Gin@req@width=\dimen103
)
\epsfxsize=\dimen104
\epsfysize=\dimen105
)
("C:\Program Files (x86)\MiKTeX 2.9\tex\latex\amsfonts\amssymb.sty"
Package: amssymb 2009/06/22 v3.00

("C:\Program Files (x86)\MiKTeX 2.9\tex\latex\amsfonts\amsfonts.sty"
Package: amsfonts 2009/06/22 v3.00 Basic AMSFonts support
\@emptytoks=\toks15
\symAMSa=\mathgroup4
\symAMSb=\mathgroup5
LaTeX Font Info:    Overwriting math alphabet `\mathfrak' in version `bold'
(Font)                  U/euf/m/n --> U/euf/b/n on input line 96.
))
("C:\Program Files (x86)\MiKTeX 2.9\tex\latex\ams\math\amsmath.sty"
Package: amsmath 2000/07/18 v2.13 AMS math features
\@mathmargin=\skip41

For additional information on amsmath, use the `?' option.
("C:\Program Files (x86)\MiKTeX 2.9\tex\latex\ams\math\amstext.sty"
Package: amstext 2000/06/29 v2.01

("C:\Program Files (x86)\MiKTeX 2.9\tex\latex\ams\math\amsgen.sty"
File: amsgen.sty 1999/11/30 v2.0
\@emptytoks=\toks16
\ex@=\dimen106
))
("C:\Program Files (x86)\MiKTeX 2.9\tex\latex\ams\math\amsbsy.sty"
Package: amsbsy 1999/11/29 v1.2d
\pmbraise@=\dimen107
)
("C:\Program Files (x86)\MiKTeX 2.9\tex\latex\ams\math\amsopn.sty"
Package: amsopn 1999/12/14 v2.01 operator names
)
\inf@bad=\count79
LaTeX Info: Redefining \frac on input line 211.
\uproot@=\count80
\leftroot@=\count81
LaTeX Info: Redefining \overline on input line 307.
\classnum@=\count82
\DOTSCASE@=\count83
LaTeX Info: Redefining \ldots on input line 379.
LaTeX Info: Redefining \dots on input line 382.
LaTeX Info: Redefining \cdots on input line 467.
\Mathstrutbox@=\box26
\strutbox@=\box27
\big@size=\dimen108
LaTeX Font Info:    Redeclaring font encoding OML on input line 567.
LaTeX Font Info:    Redeclaring font encoding OMS on input line 568.
\macc@depth=\count84
\c@MaxMatrixCols=\count85
\dotsspace@=\muskip10
\c@parentequation=\count86
\dspbrk@lvl=\count87
\tag@help=\toks17
\row@=\count88
\column@=\count89
\maxfields@=\count90
\andhelp@=\toks18
\eqnshift@=\dimen109
\alignsep@=\dimen110
\tagshift@=\dimen111
\tagwidth@=\dimen112
\totwidth@=\dimen113
\lineht@=\dimen114
\@envbody=\toks19
\multlinegap=\skip42
\multlinetaggap=\skip43
\mathdisplay@stack=\toks20
LaTeX Info: Redefining \[ on input line 2666.
LaTeX Info: Redefining \] on input line 2667.
)
Document Class 'sig-alt-full' <7th. June '07>. Modified by G.K.M. Tobin/Gerry M
urray
Based in part upon document Style `acmconf' <22 May 89>. Hacked 4/91 by
shivers@cs.cmu.edu, 4/93 by theobald@cs.mcgill.ca
Excerpts were taken from (Journal Style) 'esub2acm.cls'.
****** Bugs/comments/suggestions/technicalities to Gerry Murray -- murray@hq.ac
m.org ******
Questions on the style, SIGS policies, etc. to Julie Goetz goetz@acm.org or Adr
ienne Griscti griscti@acm.org
\footheight=\dimen115
\@maxsep=\dimen116
\@dblmaxsep=\dimen117
\aucount=\count91
\originalaucount=\count92
\auwidth=\dimen118
\auskip=\dimen119
\auskipcount=\count93
\auskip=\dimen120
\allauboxes=\dimen121
\addauthors=\toks21
\addauflag=\count94
\subtitletext=\toks22
\savesection=\count95
\sectioncntr=\count96
\c@figure=\count97
\c@table=\count98
\titleboxnotes=\toks23
\titleboxnoteflag=\count99
Document Class: sig-alt-full 2007/06/07 - V1.6 - based on acmproc.cls V1.3 <Nov
. 30 '99>
("C:\Program Files (x86)\MiKTeX 2.9\tex\latex\base\latexsym.sty"
Package: latexsym 1998/08/17 v2.2e Standard LaTeX package (lasy symbols)
\symlasy=\mathgroup6
LaTeX Font Info:    Overwriting symbol font `lasy' in version `bold'
(Font)                  U/lasy/m/n --> U/lasy/b/n on input line 47.
)
\@acmtitlebox=\box28
\titlenotecount=\count100
\tntoks=\toks24
\tntokstwo=\toks25
\tntoksthree=\toks26
\tntoksfour=\toks27
\tntoksfive=\toks28
\catcount=\count101
\copyrightnotice=\toks29
\conf=\toks30
\confinfo=\toks31
\c@part=\count102
\c@section=\count103
\c@subsection=\count104
\c@subsubsection=\count105
\c@paragraph=\count106

Using 'Abbrev' bibliography style
\bibindent=\dimen122
\colcntr=\count107
\savebox=\box29
\copyrtyr=\toks32
\acmcopyr=\toks33
\boilerplate=\toks34
\copyrightetc=\toks35
("C:\Program Files (x86)\MiKTeX 2.9\tex\latex\base\fontenc.sty"
Package: fontenc 2005/09/27 v1.99g Standard LaTeX package

("C:\Program Files (x86)\MiKTeX 2.9\tex\latex\base\t1enc.def"
File: t1enc.def 2005/09/27 v1.99g Standard LaTeX file
LaTeX Font Info:    Redeclaring font encoding T1 on input line 43.
)
LaTeX Font Info:    Try loading font information for T1+aer on input line 100.

("C:\Program Files (x86)\MiKTeX 2.9\tex\latex\ae\t1aer.fd"
File: t1aer.fd 1997/11/16 Font definitions for T1/aer.
)))
("C:\Program Files (x86)\MiKTeX 2.9\tex\latex\ltxmisc\url.sty"
\Urlmuskip=\muskip11
Package: url 2006/04/12  ver 3.3  Verb mode for urls, etc.
)
(C:\Users\Iskander\Desktop\Universidad\PFC\Source\Elio\Doc\FOSD2010\fosd2010.au
x)
LaTeX Font Info:    Checking defaults for OML/cmm/m/it on input line 6.
LaTeX Font Info:    ... okay on input line 6.
LaTeX Font Info:    Checking defaults for T1/cmr/m/n on input line 6.
LaTeX Font Info:    ... okay on input line 6.
LaTeX Font Info:    Checking defaults for OT1/cmr/m/n on input line 6.
LaTeX Font Info:    ... okay on input line 6.
LaTeX Font Info:    Checking defaults for OMS/cmsy/m/n on input line 6.
LaTeX Font Info:    ... okay on input line 6.
LaTeX Font Info:    Checking defaults for OMX/cmex/m/n on input line 6.
LaTeX Font Info:    ... okay on input line 6.
LaTeX Font Info:    Checking defaults for U/cmr/m/n on input line 6.
LaTeX Font Info:    ... okay on input line 6.
LaTeX Font Info:    Try loading font information for U+msa on input line 35.
 ("C:\Program Files (x86)\MiKTeX 2.9\tex\latex\amsfonts\umsa.fd"
File: umsa.fd 2009/06/22 v3.00 AMS symbols A
)
LaTeX Font Info:    Try loading font information for U+msb on input line 35.

("C:\Program Files (x86)\MiKTeX 2.9\tex\latex\amsfonts\umsb.fd"
File: umsb.fd 2009/06/22 v3.00 AMS symbols B
)
LaTeX Font Info:    Try loading font information for U+lasy on input line 35.

("C:\Program Files (x86)\MiKTeX 2.9\tex\latex\base\ulasy.fd"
File: ulasy.fd 1998/08/17 v2.2e LaTeX symbol font definitions
)
(C:\Users\Iskander\Desktop\Universidad\PFC\Source\Elio\Doc\FOSD2010\abstract.te
x)
(C:\Users\Iskander\Desktop\Universidad\PFC\Source\Elio\Doc\FOSD2010\introductio
n.tex
LaTeX Font Info:    Try loading font information for T1+aett on input line 35.
 ("C:\Program Files (x86)\MiKTeX 2.9\tex\latex\ae\t1aett.fd"
File: t1aett.fd 1997/11/16 Font definitions for T1/aett.
)
Underfull \hbox (badness 10000) in paragraph at lines 35--35
[][]$\T1/aett/m/n/9 http : / / personales . unican . es / sanchezbp /
 []


Overfull \hbox (5.5047pt too wide) in paragraph at lines 41--42
[][]\T1/aer/m/n/9 In our ex-per-i-ment, we have tried to de-rive a feature-orie
nted
 []

) [1


]
(C:\Users\Iskander\Desktop\Universidad\PFC\Source\Elio\Doc\FOSD2010\caseStudy.t
ex
Underfull \hbox (badness 10000) in paragraph at lines 8--8
[][]$\T1/aett/m/n/9 http : / / personales . unican . es / sanchezbp /
 []

File: images/featureModel.eps Graphic file (type eps)
<images/featureModel.eps>
LaTeX Font Info:    Try loading font information for T1+aess on input line 25.

("C:\Program Files (x86)\MiKTeX 2.9\tex\latex\ae\t1aess.fd"
File: t1aess.fd 1997/11/16 Font definitions for T1/aess.
)
Overfull \hbox (4.85544pt too wide) in paragraph at lines 25--28
\T1/aer/m/n/9 lated in a UML pack-age, as es-tab-lished by the feature-oriented

 []

File: images/umlDesign.eps Graphic file (type eps)
<images/umlDesign.eps>)
Overfull \hbox (18.35374pt too wide) in paragraph at lines 66--66
[]\secfnt WHAT WE WANT TO FIND IN A FEATURE-
 []


Overfull \hbox (14.4807pt too wide) in paragraph at lines 66--66
\secfnt ORIENTED PRO-GRAM-MING LAN-GUAGE 
 []


(C:\Users\Iskander\Desktop\Universidad\PFC\Source\Elio\Doc\FOSD2010\fopFeatures
.tex
Underfull \hbox (badness 10000) in paragraph at lines 16--17

 []

[2]
Underfull \hbox (badness 10000) in paragraph at lines 27--28

 []


Overfull \hbox (1.94208pt too wide) in paragraph at lines 29--31
\T1/aer/m/n/9 guage would pro-vide lan-guage con-structs for spec-i-fy-ing whic
h
 []


Overfull \hbox (3.52908pt too wide) in paragraph at lines 32--33
\T1/aess/m/n/8 dowMng \T1/aer/m/n/9 and \T1/aess/m/n/8 HeaterMng \T1/aer/m/n/9 
fea-tures should also be se-lected. More-
 []


Underfull \vbox (badness 10000) has occurred while \output is active []

)
Overfull \hbox (2.24707pt too wide) in paragraph at lines 74--75
\T1/aer/m/n/9 them, we pro-vide some back-ground on how C# par-tial classes
 []


(C:\Users\Iskander\Desktop\Universidad\PFC\Source\Elio\Doc\FOSD2010\partialClas
ses.tex [3]
Overfull \hbox (2.13084pt too wide) in paragraph at lines 48--48
[]\T1/aett/m/n/8 05    public void emergence(Sensor s, double value) {...}[] 
 []


Overfull \hbox (2.13084pt too wide) in paragraph at lines 48--48
[]\T1/aett/m/n/8 06    public bool changeValue(int id, double value) {...}[] 
 []


Underfull \hbox (badness 1325) in paragraph at lines 50--50
[][]\T1/aer/bx/n/9 Figure 3: \T1/aess/m/n/8 Gate-way \T1/aer/bx/n/9 im-ple-men-
ta-tion us-ing par-tial
 []


LaTeX Warning: Reference `fig:compilation' on page \thepage  undefined on input
 line 58.

)
(C:\Users\Iskander\Desktop\Universidad\PFC\Source\Elio\Doc\FOSD2010\evaluation.
tex
Underfull \hbox (badness 10000) in paragraph at lines 8--9

 []


Overfull \hbox (57.18216pt too wide) in paragraph at lines 10--11
\T1/aer/m/n/9 re-lated to the \T1/aess/m/n/8 Ini-tialModel \T1/aer/m/n/9 and \T
1/aess/m/n/8 LightMng \T1/aer/m/n/9 fea-tures in the \T1/aess/m/n/8 SmartHome.I
nitialModel
 []


Underfull \hbox (badness 1325) in paragraph at lines 37--37
[][]\T1/aer/bx/n/9 Figure 4: \T1/aess/m/n/8 Gate-way \T1/aer/bx/n/9 im-ple-men-
ta-tion us-ing par-tial
 []

[4]
Overfull \hbox (4.81364pt too wide) in paragraph at lines 47--48
[][]\T1/aer/m/n/9 Regarding au-to-matic man-age-ment of de-pen-den-cies be-twee
n
 []


Underfull \hbox (badness 10000) in paragraph at lines 49--50

 []

)
Underfull \vbox (badness 10000) has occurred while \output is active []


(C:\Users\Iskander\Desktop\Universidad\PFC\Source\Elio\Doc\FOSD2010\discussion.
tex)
(C:\Users\Iskander\Desktop\Universidad\PFC\Source\Elio\Doc\FOSD2010\SummaryFutu
reWork.tex
Underfull \hbox (badness 10000) in paragraph at lines 8--9

 []

[5]
Underfull \hbox (badness 10000) in paragraph at lines 20--21

 []

)
(C:\Users\Iskander\Desktop\Universidad\PFC\Source\Elio\Doc\FOSD2010\fosd2010.bb
l [6]) [7

]
(C:\Users\Iskander\Desktop\Universidad\PFC\Source\Elio\Doc\FOSD2010\fosd2010.au
x)

LaTeX Warning: There were undefined references.

 ) 
Here is how much of TeX's memory you used:
 1983 strings out of 494020
 24383 string characters out of 3143896
 82935 words of memory out of 3000000
 5222 multiletter control sequences out of 15000+200000
 46327 words of font info for 57 fonts, out of 3000000 for 9000
 714 hyphenation exceptions out of 8191
 39i,10n,26p,1468b,305s stack positions out of 5000i,500n,10000p,200000b,50000s

Output written on fosd2010.dvi (7 pages, 56284 bytes).
